abc_to_alphabeta_3
abc_to_dq
abc_to_dq0_2
abc_to_dq_2
abs
and_2
and_3
atan2_rad
average_mv_1
average_mv_2
clock
clock_1
clock_1a
clock_3
clock_3ph
clock_thyr
cmpr_1_1
cmpr_1_2
cmpr_2_1
cmpr_2_2
cmpr_simple_2_1
cmpr_simple_2_2
cmprh_1_1
cmprh_2_1
const
cos
dead_zone
decoder_2_4
delay_discrete
delay_discrete_1
delay_onestep
delay_onestep_1
diff
div
dq0_to_abc_2
dq_to_abc
dummy_sink
dummy_source
edge_delay
edge_delay_1
indmc1
indmc2a
indmc2b
integrator
integrator_1
integrator_reset_1
jkff
lag_1
lag_2
limiter
linear
max
min
modulo
modulo_twopi
monostable_1
mult_2
multscl
nand_2
nor_2
not
or_2
or_3
pole_complex_order_1
pole_complex_order_2
pole_real_order_1
pole_real_order_2
pole_real_order_3
pole_real_order_4
pole_real_order_5
pulse10
pwl10_xy
pwl20
pwm20_1
sampler
sampler_1
signal_switch
signum
sin
src_ac
srff_nand
srff_nor
sum_2
sum_3
triangle_1
triangle_2
triangle_3
triangle_4
user_fn_1_1
user_fn_2_1
user_fn_3_1
user_fn_4_3
user_fn_5_3
vsi_3ph_1
xfer_fn
xor_2
x_dummy
