abc_to_dq
abc_to_dq_2
and_2
clock
cmpr_1_1
cmpr_1_2
cmpr_2_1
cmpr_2_2
cmpr_simple_2_1
cmpr_simple_2_2
cmprh_1_1
cmprh_2_1
const
cosine
diff
dq_to_abc
dummy_sink
dummy_source
filter_1
indmc1
indmc2a
indmc2b
integrator
integrator_1
lag_1
lag_2
limiter
modulo
modulo_twopi
mult_2
multscl
not
or_2
pole_complex_order_1
pole_complex_order_2
pole_real_order_1
pole_real_order_2
pole_real_order_3
pole_real_order_4
pole_real_order_5
pwl10_xy
pwl20
sine
srcac
sum_2
sum_3
sum_4
sum_5
sum_6
triangle_1
triangle_2
triangle_3
user_fn_1_1
user_fn_2_1
user_fn_3_1
user_fn_4_3
user_fn_5_3
vsi_3ph_1
